[debug] [2021-04-09T18:29:00.272Z] ----------------------------------------------------------------------
[debug] [2021-04-09T18:29:00.273Z] Command:       /usr/local/bin/node /usr/local/bin/firebase deploy
[debug] [2021-04-09T18:29:00.273Z] CLI Version:   8.11.2
[debug] [2021-04-09T18:29:00.273Z] Platform:      darwin
[debug] [2021-04-09T18:29:00.273Z] Node Version:  v12.18.3
[debug] [2021-04-09T18:29:00.274Z] Time:          Fri Apr 09 2021 21:29:00 GMT+0300 (Israel Daylight Time)
[debug] [2021-04-09T18:29:00.274Z] ----------------------------------------------------------------------
[debug] [2021-04-09T18:29:00.274Z] 
[debug] [2021-04-09T18:29:00.282Z] > command requires scopes: ["email","openid","https://www.googleapis.com/auth/cloudplatformprojects.readonly","https://www.googleapis.com/auth/firebase","https://www.googleapis.com/auth/cloud-platform"]
[debug] [2021-04-09T18:29:00.282Z] > authorizing via signed-in user
[debug] [2021-04-09T18:29:00.283Z] [iam] checking project portfolio-bae19 for permissions ["firebase.projects.get","firebasehosting.sites.update"]
[debug] [2021-04-09T18:29:00.285Z] >>> HTTP REQUEST POST https://cloudresourcemanager.googleapis.com/v1/projects/portfolio-bae19:testIamPermissions  
 {"permissions":["firebase.projects.get","firebasehosting.sites.update"]}
[debug] [2021-04-09T18:29:01.265Z] <<< HTTP RESPONSE 200 {"content-type":"application/json; charset=UTF-8","vary":"X-Origin, Referer, Origin,Accept-Encoding","date":"Fri, 09 Apr 2021 18:29:01 GMT","server":"ESF","cache-control":"private","x-xss-protection":"0","x-frame-options":"SAMEORIGIN","x-content-type-options":"nosniff","server-timing":"gfet4t7; dur=547","alt-svc":"h3-29=\":443\"; ma=2592000,h3-T051=\":443\"; ma=2592000,h3-Q050=\":443\"; ma=2592000,h3-Q046=\":443\"; ma=2592000,h3-Q043=\":443\"; ma=2592000,quic=\":443\"; ma=2592000; v=\"46,43\"","accept-ranges":"none","transfer-encoding":"chunked"}
[debug] [2021-04-09T18:29:01.266Z] >>> HTTP REQUEST GET https://firebase.googleapis.com/v1beta1/projects/portfolio-bae19  
 
[debug] [2021-04-09T18:29:01.732Z] <<< HTTP RESPONSE 200 {"content-type":"application/json; charset=UTF-8","vary":"X-Origin, Referer, Origin,Accept-Encoding","date":"Fri, 09 Apr 2021 18:29:01 GMT","server":"ESF","cache-control":"private","x-xss-protection":"0","x-frame-options":"SAMEORIGIN","x-content-type-options":"nosniff","alt-svc":"h3-29=\":443\"; ma=2592000,h3-T051=\":443\"; ma=2592000,h3-Q050=\":443\"; ma=2592000,h3-Q046=\":443\"; ma=2592000,h3-Q043=\":443\"; ma=2592000,quic=\":443\"; ma=2592000; v=\"46,43\"","accept-ranges":"none","transfer-encoding":"chunked"}
[debug] [2021-04-09T18:29:01.732Z] [WARNING] Unable to fetch default resources. Falling back to project id (portfolio-bae19)
[info] 
[info] === Deploying to 'portfolio-bae19'...
[info] 
[info] i  deploying hosting 
[debug] [2021-04-09T18:29:01.737Z] >>> HTTP REQUEST POST https://firebasehosting.googleapis.com/v1beta1/sites/portfolio-bae19/versions  
 {"config":{"rewrites":[{"glob":"**","path":"/index.html"}]},"labels":{"deployment-tool":"cli-firebase"}}
[debug] [2021-04-09T18:29:02.757Z] <<< HTTP RESPONSE 200 {"content-type":"application/json; charset=UTF-8","vary":"X-Origin, Referer, Origin,Accept-Encoding","date":"Fri, 09 Apr 2021 18:29:02 GMT","server":"ESF","cache-control":"private","x-xss-protection":"0","x-frame-options":"SAMEORIGIN","x-content-type-options":"nosniff","alt-svc":"h3-29=\":443\"; ma=2592000,h3-T051=\":443\"; ma=2592000,h3-Q050=\":443\"; ma=2592000,h3-Q046=\":443\"; ma=2592000,h3-Q043=\":443\"; ma=2592000,quic=\":443\"; ma=2592000; v=\"46,43\"","accept-ranges":"none","transfer-encoding":"chunked"}
[info] i  hosting[portfolio-bae19]: beginning deploy... 
[info] i  hosting[portfolio-bae19]: found 19 files in build 
[debug] [2021-04-09T18:29:02.990Z] [hosting] hash cache [YnVpbGQ] stored for 19 files
[debug] [2021-04-09T18:29:02.991Z] [hosting][hash queue][FINAL] {"max":215,"min":11,"avg":25.263157894736842,"active":0,"complete":19,"success":19,"errored":0,"retried":0,"total":19,"elapsed":222}
[debug] [2021-04-09T18:29:02.991Z] >>> HTTP REQUEST POST https://firebasehosting.googleapis.com/v1beta1/sites/portfolio-bae19/versions/69af7e37185d3b42:populateFiles  
 <request body omitted>
[debug] [2021-04-09T18:29:04.291Z] <<< HTTP RESPONSE 200 {"content-type":"application/json; charset=UTF-8","vary":"X-Origin, Referer, Origin,Accept-Encoding","date":"Fri, 09 Apr 2021 18:29:04 GMT","server":"ESF","cache-control":"private","x-xss-protection":"0","x-frame-options":"SAMEORIGIN","x-content-type-options":"nosniff","alt-svc":"h3-29=\":443\"; ma=2592000,h3-T051=\":443\"; ma=2592000,h3-Q050=\":443\"; ma=2592000,h3-Q046=\":443\"; ma=2592000,h3-Q043=\":443\"; ma=2592000,quic=\":443\"; ma=2592000; v=\"46,43\"","accept-ranges":"none","transfer-encoding":"chunked"}
[debug] [2021-04-09T18:29:04.294Z] [hosting][populate queue][FINAL] {"max":1304,"min":1304,"avg":1304,"active":0,"complete":1,"success":1,"errored":0,"retried":0,"total":1,"elapsed":1306}
[debug] [2021-04-09T18:29:04.294Z] [hosting] uploads queued: 6
[debug] [2021-04-09T18:29:06.064Z] [hosting][upload queue][FINAL] {"max":1772,"min":1436,"avg":1550,"active":0,"complete":6,"success":6,"errored":0,"retried":0,"total":6,"elapsed":1772}
[info] ✔  hosting[portfolio-bae19]: file upload complete 
[debug] [2021-04-09T18:29:06.065Z] [hosting] deploy completed after 3307ms
[debug] [2021-04-09T18:29:06.376Z] [
  {
    "config": {
      "public": "build",
      "ignore": [
        "firebase.json",
        "**/.*",
        "**/node_modules/**"
      ],
      "rewrites": [
        {
          "source": "**",
          "destination": "/index.html"
        }
      ],
      "site": "portfolio-bae19"
    },
    "site": "portfolio-bae19",
    "version": "sites/portfolio-bae19/versions/69af7e37185d3b42"
  }
]
[info] i  hosting[portfolio-bae19]: finalizing version... 
[debug] [2021-04-09T18:29:06.376Z] >>> HTTP REQUEST PATCH https://firebasehosting.googleapis.com/v1beta1/sites/portfolio-bae19/versions/69af7e37185d3b42?updateMask=status  
 {"status":"FINALIZED"}
[debug] [2021-04-09T18:29:07.571Z] <<< HTTP RESPONSE 200 {"content-type":"application/json; charset=UTF-8","vary":"X-Origin, Referer, Origin,Accept-Encoding","date":"Fri, 09 Apr 2021 18:29:07 GMT","server":"ESF","cache-control":"private","x-xss-protection":"0","x-frame-options":"SAMEORIGIN","x-content-type-options":"nosniff","alt-svc":"h3-29=\":443\"; ma=2592000,h3-T051=\":443\"; ma=2592000,h3-Q050=\":443\"; ma=2592000,h3-Q046=\":443\"; ma=2592000,h3-Q043=\":443\"; ma=2592000,quic=\":443\"; ma=2592000; v=\"46,43\"","accept-ranges":"none","transfer-encoding":"chunked"}
[debug] [2021-04-09T18:29:07.572Z] [hosting] finalized version for portfolio-bae19: {"name":"sites/portfolio-bae19/versions/69af7e37185d3b42","status":"FINALIZED","config":{"rewrites":[{"glob":"**","path":"/index.html"}]},"labels":{"deployment-tool":"cli-firebase"},"createTime":"2021-04-09T18:29:02.327259Z","createUser":{"email":"Jonathanpz890@gmail.com"},"finalizeTime":"2021-04-09T18:29:07.579596Z","finalizeUser":{"email":"Jonathanpz890@gmail.com"}}
[info] ✔  hosting[portfolio-bae19]: version finalized 
[info] i  hosting[portfolio-bae19]: releasing new version... 
[debug] [2021-04-09T18:29:07.573Z] >>> HTTP REQUEST POST https://firebasehosting.googleapis.com/v1beta1/sites/portfolio-bae19/releases?version_name=sites/portfolio-bae19/versions/69af7e37185d3b42  
 {"message":null}
